<?xml version="1.0" encoding="UTF-8"?>
<!-- Generated by org.testng.reporters.JUnitReportReporter -->
<testsuite hostname="DESKTOP-D2FOUKF" failures="0" tests="5" name="tests.SearchSamsung" time="24.473" errors="0" timestamp="2020-10-12T02:40:35 IST" skipped="0">
  <testcase classname="tests.SearchSamsung" name="searchForProduct" time="11.003"/>
  <system-out/>
  <testcase classname="tests.SearchSamsung" name="selectMaxPrice" time="3.775"/>
  <system-out/>
  <testcase classname="tests.SearchSamsung" name="selectRam" time="1.133"/>
  <system-out/>
  <testcase classname="tests.SearchSamsung" name="selectProcessorBrand" time="0.674"/>
  <system-out/>
  <testcase classname="tests.SearchSamsung" name="serchResults" time="7.888"/>
  <system-out/>
</testsuite> <!-- tests.SearchSamsung -->
